{"name": "test_create_order[locator1-order_data1]", "status": "broken", "statusDetails": {"message": "selenium.common.exceptions.TimeoutException: Message: \nStacktrace:\nRemoteError@chrome://remote/content/shared/RemoteError.sys.mjs:8:8\nWebDriverError@chrome://remote/content/shared/webdriver/Errors.sys.mjs:199:5\nNoSuchElementError@chrome://remote/content/shared/webdriver/Errors.sys.mjs:552:5\ndom.find/</<@chrome://remote/content/shared/DOM.sys.mjs:136:16", "trace": "self = <Sprint_6.tests.test_order_flow.TestOrderPage object at 0x10409cfd0>\ndriver = <selenium.webdriver.firefox.webdriver.WebDriver (session=\"87f5ca8d-6260-4582-940d-d82b8402274b\")>\nlocator = ('xpath', \"//button[@class='Button_Button__ra12g']\")\norder_data = {'address': 'г. Москва, ул. Ленина, д. 2', 'button_locator': ('xpath', \"//button[text()='Заказать']\"), 'color': 'gray', 'comment': '', ...}\n\n    @pytest.mark.parametrize('locator, order_data', [\n        (MainPageLocators.ORDER_BUTTON_UP, OrderData.ORDER_DATA_1),\n        (MainPageLocators.ORDER_BUTTON_DOWN, OrderData.ORDER_DATA_2),\n    ])\n    def test_create_order(self, driver, locator, order_data):\n        main_page = MainPage(driver)\n        order_page = OrderPage(driver)\n>       order_page.click_to_element(locator)\n\ntests/test_order_flow.py:16: \n_ _ _ _ _ _ _ _ _ _ _ _ _ _ _ _ _ _ _ _ _ _ _ _ _ _ _ _ _ _ _ _ _ _ _ _ _ _ _ _ _ _\npages/base_page.py:19: in click_to_element\n    self.wait.until(\n_ _ _ _ _ _ _ _ _ _ _ _ _ _ _ _ _ _ _ _ _ _ _ _ _ _ _ _ _ _ _ _ _ _ _ _ _ _ _ _ _ _\n\nself = <selenium.webdriver.support.wait.WebDriverWait (session=\"87f5ca8d-6260-4582-940d-d82b8402274b\")>\nmethod = <function element_to_be_clickable.<locals>._predicate at 0x1041182c0>\nmessage = ''\n\n    def until(self, method: Callable[[D], Union[Literal[False], T]], message: str = \"\") -> T:\n        \"\"\"Wait until the method returns a value that is not False.\n    \n        Calls the method provided with the driver as an argument until the\n        return value does not evaluate to ``False``.\n    \n        Parameters:\n        -----------\n        method: callable(WebDriver)\n            - A callable object that takes a WebDriver instance as an argument.\n    \n        message: str\n            - Optional message for :exc:`TimeoutException`\n    \n        Return:\n        -------\n        object: T\n            - The result of the last call to `method`\n    \n        Raises:\n        -------\n        TimeoutException\n            - If 'method' does not return a truthy value within the WebDriverWait\n            object's timeout\n    \n        Example:\n        --------\n        >>> from selenium.webdriver.common.by import By\n        >>> from selenium.webdriver.support.ui import WebDriverWait\n        >>> from selenium.webdriver.support import expected_conditions as EC\n    \n        # Wait until an element is visible on the page\n        >>> wait = WebDriverWait(driver, 10)\n        >>> element = wait.until(EC.visibility_of_element_located((By.ID, \"exampleId\")))\n        >>> print(element.text)\n        \"\"\"\n        screen = None\n        stacktrace = None\n    \n        end_time = time.monotonic() + self._timeout\n        while True:\n            try:\n                value = method(self._driver)\n                if value:\n                    return value\n            except self._ignored_exceptions as exc:\n                screen = getattr(exc, \"screen\", None)\n                stacktrace = getattr(exc, \"stacktrace\", None)\n            if time.monotonic() > end_time:\n                break\n            time.sleep(self._poll)\n>       raise TimeoutException(message, screen, stacktrace)\nE       selenium.common.exceptions.TimeoutException: Message: \nE       Stacktrace:\nE       RemoteError@chrome://remote/content/shared/RemoteError.sys.mjs:8:8\nE       WebDriverError@chrome://remote/content/shared/webdriver/Errors.sys.mjs:199:5\nE       NoSuchElementError@chrome://remote/content/shared/webdriver/Errors.sys.mjs:552:5\nE       dom.find/</<@chrome://remote/content/shared/DOM.sys.mjs:136:16\n\n../../.pyenv/versions/3.11.4/lib/python3.11/site-packages/selenium/webdriver/support/wait.py:138: TimeoutException"}, "attachments": [{"name": "log", "source": "8ac9ee9a-db5d-484e-92aa-6608354528d4-attachment.txt", "type": "text/plain"}], "parameters": [{"name": "locator", "value": "('xpath', \"//button[@class='Button_Button__ra12g']\")"}, {"name": "order_data", "value": "{'name': 'Петр', 'last_name': 'Петров', 'address': 'г. Москва, ул. Ленина, д. 2', 'station_locator': ('class name', \"//input[@placeholder='* Станция метро']\"), 'phone': '+79997654321', 'date': '12.07.2025', 'rent_time': 'двое суток', 'color': 'gray', 'comment': '', 'button_locator': ('xpath', \"//button[text()='Заказать']\")}"}], "start": 1751978246932, "stop": 1751978257152, "uuid": "b7ce327e-b98a-44ce-8be1-4d37a77ad8a9", "historyId": "6262d5276cc09a0327fb23a794e2237d", "testCaseId": "be57dbc21db21cd80137e087d503c3ed", "fullName": "tests.test_order_flow.TestOrderPage#test_create_order", "labels": [{"name": "parentSuite", "value": "tests"}, {"name": "suite", "value": "test_order_flow"}, {"name": "subSuite", "value": "TestOrderPage"}, {"name": "host", "value": "Michaels-MacBook-Pro.local"}, {"name": "thread", "value": "35801-MainThread"}, {"name": "framework", "value": "pytest"}, {"name": "language", "value": "cpython3"}, {"name": "package", "value": "tests.test_order_flow"}]}